<testsuite errors="0" failures="0" name="unittest.suite.TestSuite" tests="23" time="1.546">
  <testcase classname="test_copy.UtilCopyTest" name="test_chain_copy" time="0.0650"></testcase>
  <testcase classname="test_copy.UtilCopyTest" name="test_copy" time="0.0629"></testcase>
  <testcase classname="test_copy.UtilCopyTest" name="test_copy_dir" time="0.0606"></testcase>
  <testcase classname="test_copy.UtilCopyTest" name="test_copy_dst_dir" time="0.0620"></testcase>
  <testcase classname="test_copy.UtilCopyTest" name="test_copy_no_basename" time="0.0653"></testcase>
  <testcase classname="test_copy.UtilCopyTest" name="test_copy_parent_enoent" time="0.0609"></testcase>
  <testcase classname="test_copy.UtilCopyTest" name="test_copy_parent_mkdir" time="0.0627"></testcase>
  <testcase classname="test_copy.UtilCopyTest" name="test_copy_pseudotty" time="0.0674"></testcase>
  <testcase classname="test_general.UtilGeneralTest" name="test_protocol_not_supported" time="0.0641"></testcase>
  <testcase classname="test_ls.UtilLsTest" name="test_basic" time="0.0605"></testcase>
  <testcase classname="test_ls.UtilLsTest" name="test_directory" time="0.0615"></testcase>
  <testcase classname="test_ls.UtilLsTest" name="test_invalid" time="0.0585"></testcase>
  <testcase classname="test_ls.UtilLsTest" name="test_name" time="0.1266"></testcase>
  <testcase classname="test_ls.UtilLsTest" name="test_size" time="0.1220"></testcase>
  <testcase classname="test_mkdir.UtilMkdirTest" name="test_already_exists" time="0.0598"></testcase>
  <testcase classname="test_mkdir.UtilMkdirTest" name="test_already_exists_p" time="0.0607"></testcase>
  <testcase classname="test_mkdir.UtilMkdirTest" name="test_invalid_mode" time="0.0502"></testcase>
  <testcase classname="test_mkdir.UtilMkdirTest" name="test_mkdir" time="0.0602"></testcase>
  <testcase classname="test_mkdir.UtilMkdirTest" name="test_mkdir_mode" time="0.0639"></testcase>
  <testcase classname="test_mkdir.UtilMkdirTest" name="test_mkdir_recursive" time="0.0638"></testcase>
  <testcase classname="test_rm.UtilRmTest" name="test_dir_non_rec" time="0.0609"></testcase>
  <testcase classname="test_rm.UtilRmTest" name="test_multiple" time="0.0607"></testcase>
  <testcase classname="test_rm.UtilRmTest" name="test_recursive" time="0.0636"></testcase>
  <system-out><![CDATA[]]></system-out>
  <system-err><![CDATA[]]></system-err>
</testsuite>
